<?xml version="1.0" encoding="UTF-8"?>
<!-- Generated by org.testng.reporters.JUnitReportReporter -->
<testsuite hostname="DESKTOP-3GVGHVT" failures="0" tests="1" name="TC04_SecurityTest" time="8.559" errors="0" timestamp="2024-10-11T08:18:04 EDT" skipped="0">
  <testcase classname="TC04_SecurityTest" name="testSQLInjection" time="8.559"/>
</testsuite> <!-- TC04_SecurityTest -->
