<?xml version="1.0" encoding="UTF-8"?>
<!-- Generated by org.testng.reporters.JUnitReportReporter -->
<testsuite hostname="DESKTOP-3GVGHVT" failures="0" tests="3" name="TC01_FunctionalTest_Positive" time="14.643" errors="0" timestamp="2024-10-08T14:45:07 EDT" skipped="0">
  <testcase classname="TC01_FunctionalTest_Positive" name="testValidLogin" time="5.410"/>
  <testcase classname="TC01_FunctionalTest_Positive" name="loginInput" time="7.152"/>
  <testcase classname="TC01_FunctionalTest_Positive" name="Login" time="2.081"/>
</testsuite> <!-- TC01_FunctionalTest_Positive -->
