<?xml version="1.0" encoding="UTF-8"?>
<!-- Generated by org.testng.reporters.JUnitReportReporter -->
<testsuite hostname="DESKTOP-3GVGHVT" failures="0" tests="3" name="TC02_FunctionalTest_Negative" time="14.582" errors="0" timestamp="2024-10-08T14:58:53 EDT" skipped="0">
  <testcase classname="TC02_FunctionalTest_Negative" name="testinValidLogin" time="5.327"/>
  <testcase classname="TC02_FunctionalTest_Negative" name="loginInput" time="7.199"/>
  <testcase classname="TC02_FunctionalTest_Negative" name="Login" time="2.056"/>
</testsuite> <!-- TC02_FunctionalTest_Negative -->
