<?xml version="1.0" encoding="UTF-8"?>
<!-- Generated by org.testng.reporters.JUnitReportReporter -->
<testsuite hostname="DESKTOP-3GVGHVT" failures="0" tests="1" name="TC01_FunctionalTest_Positive" time="0.016" errors="0" timestamp="2024-09-27T10:13:18 EDT" skipped="0">
  <testcase classname="TC01_FunctionalTest_Positive" name="testLogin" time="0.016"/>
</testsuite> <!-- TC01_FunctionalTest_Positive -->
