<?xml version="1.0" encoding="UTF-8"?>
<!-- Generated by org.testng.reporters.JUnitReportReporter -->
<testsuite hostname="DESKTOP-3GVGHVT" failures="0" tests="2" name="TC03_UITest" time="5.450" errors="0" timestamp="2024-10-08T16:02:03 EDT" skipped="0">
  <testcase classname="TC03_UITest" name="verifyLoginButtonVisibilityAndAlignment" time="0.124"/>
  <testcase classname="TC03_UITest" name="testinValidLogin" time="5.326"/>
</testsuite> <!-- TC03_UITest -->
